<?xml version="1.0" encoding="UTF-8"?>
<testsuite xmlns:xsi="http://www.w3.org/2001/XMLSchema-instance" xsi:noNamespaceSchemaLocation="https://maven.apache.org/surefire/maven-surefire-plugin/xsd/surefire-test-report-3.0.xsd" version="3.0" name="tests.OptimzerCodeGenerator.DiagnosticCodegenTests2" time="0.034" tests="2" errors="0" skipped="0" failures="1">
  <properties>
[...]
</properties>
  <testcase name="diag_lire_scanner_ou_runtime_ou_ast" classname="tests.OptimzerCodeGenerator.DiagnosticCodegenTests2" time="0.023">
    <failure message="DIAG: Programme.genJava(sem) ne contient pas Scanner alors qu&apos;il y a Lire dans l&apos;AST. =&gt; suspect: Lire.genJava différent, ou classe Lire dupliquée/ancienne. &#10;===== DIAG LIRE =====&#10;AST: nb Lire = 1, nb Affiche = 1&#10;AST gen contains &apos;Scanner&apos;? false&#10;GEN gen contains &apos;Scanner&apos;? true&#10;AST gen head:&#10;public class ProgrammePrincipal {&#10;&#10;  public static void main(String[] args) {&#10;    Object res = main();&#10;    System.out.println(res);&#10;  }&#10;&#10;  // Méthodes&#10;  public static int main() {&#10;    int x;&#10;    x=lire();&#10;      System.out.print(&quot;x=&quot;);&#10;    System.out.print(x);&#10;    System.out.println();&#10;      return x;&#10;  }&#10;  &#10;&#10;}&#10;&#10;&#10;&#10;GEN gen head:&#10;import java.util.Scanner;&#10;&#10;public class ProgrammePrincipal {&#10;&#10;  public static void main(String[] args) {&#10;    Object res = main();&#10;    System.out.println(res);&#10;  }&#10;&#10;  // Méthodes&#10;  public static int main() {&#10;    int x;&#10;    x=lire();&#10;      System.out.print(&quot;x=&quot;);&#10;    System.out.print(x);&#10;    System.out.println();&#10;      return x;&#10;  }&#10;  &#10;&#10;&#10;  // ===== R&#10;...[truncated]...&#10; ==&gt; expected: &lt;true&gt; but was: &lt;false&gt;" type="org.opentest4j.AssertionFailedError"><![CDATA[org.opentest4j.AssertionFailedError: 
DIAG: Programme.genJava(sem) ne contient pas Scanner alors qu'il y a Lire dans l'AST. => suspect: Lire.genJava différent, ou classe Lire dupliquée/ancienne. 
===== DIAG LIRE =====
AST: nb Lire = 1, nb Affiche = 1
AST gen contains 'Scanner'? false
GEN gen contains 'Scanner'? true
AST gen head:
public class ProgrammePrincipal {

  public static void main(String[] args) {
    Object res = main();
    System.out.println(res);
  }

  // Méthodes
  public static int main() {
    int x;
    x=lire();
      System.out.print("x=");
    System.out.print(x);
    System.out.println();
      return x;
  }
  

}



GEN gen head:
import java.util.Scanner;

public class ProgrammePrincipal {

  public static void main(String[] args) {
    Object res = main();
    System.out.println(res);
  }

  // Méthodes
  public static int main() {
    int x;
    x=lire();
      System.out.print("x=");
    System.out.print(x);
    System.out.println();
      return x;
  }
  


  // ===== R
...[truncated]...
 ==> expected: <true> but was: <false>
	at org.junit.jupiter.api.AssertionFailureBuilder.build(AssertionFailureBuilder.java:151)
	at org.junit.jupiter.api.AssertionFailureBuilder.buildAndThrow(AssertionFailureBuilder.java:132)
	at org.junit.jupiter.api.AssertTrue.failNotTrue(AssertTrue.java:63)
	at org.junit.jupiter.api.AssertTrue.assertTrue(AssertTrue.java:36)
	at org.junit.jupiter.api.Assertions.assertTrue(Assertions.java:210)
	at tests.OptimzerCodeGenerator.DiagnosticCodegenTests2.diag_lire_scanner_ou_runtime_ou_ast(DiagnosticCodegenTests2.java:64)
	at java.base/java.lang.reflect.Method.invoke(Method.java:580)
	at java.base/java.util.ArrayList.forEach(ArrayList.java:1597)
	at java.base/java.util.ArrayList.forEach(ArrayList.java:1597)
]]></failure>
    <system-out><![CDATA[
===== DIAG LIRE =====
AST: nb Lire = 1, nb Affiche = 1
AST gen contains 'Scanner'? false
GEN gen contains 'Scanner'? true
AST gen head:
public class ProgrammePrincipal {

  public static void main(String[] args) {
    Object res = main();
    System.out.println(res);
  }

  // Méthodes
  public static int main() {
    int x;
    x=lire();
      System.out.print("x=");
    System.out.print(x);
    System.out.println();
      return x;
  }
  

}



GEN gen head:
import java.util.Scanner;

public class ProgrammePrincipal {

  public static void main(String[] args) {
    Object res = main();
    System.out.println(res);
  }

  // Méthodes
  public static int main() {
    int x;
    x=lire();
      System.out.print("x=");
    System.out.print(x);
    System.out.println();
      return x;
  }
  


  // ===== R
...[truncated]...

]]></system-out>
  </testcase>
  <testcase name="diag_affiche_multi_args_ast_vs_gen" classname="tests.OptimzerCodeGenerator.DiagnosticCodegenTests2" time="0.002">
    <system-out><![CDATA[
===== DIAG AFFICHE MULTI =====
AST: nb Affiche = 1, max args = 4
AST print count = 4
GEN print count = 4
AST gen head:
public class ProgrammePrincipal {

  public static void main(String[] args) {
    Object res = main();
    System.out.println(res);
  }

  // Méthodes
  public static int main() {
    int x;
    int y;
    x=3;
      y=4;
      System.out.print("x=");
    System.out.print(x);
    System.out.print(" y=");
    System.out.print(y);
    System.out.prin
...[truncated]...
GEN gen head:
public class ProgrammePrincipal {

  public static void main(String[] args) {
    Object res = main();
    System.out.println(res);
  }

  // Méthodes
  public static int main() {
    int x;
    int y;
    x=3;
      y=4;
      System.out.print("x=");
    System.out.print(x);
    System.out.print(" y=");
    System.out.print(y);
    System.out.prin
...[truncated]...

]]></system-out>
  </testcase>
</testsuite>