-------------------------------------------------------------------------------
Test set: tests.OptimzerCodeGenerator.DiagnosticCodegenTests
-------------------------------------------------------------------------------
Tests run: 2, Failures: 2, Errors: 0, Skipped: 0, Time elapsed: 0.002 s <<< FAILURE! -- in tests.OptimzerCodeGenerator.DiagnosticCodegenTests
tests.OptimzerCodeGenerator.DiagnosticCodegenTests.diag_lire_scanner_ou_runtime_ou_ast -- Time elapsed: 0.001 s <<< FAILURE!
org.opentest4j.AssertionFailedError: Aucun constructeur compatible pour main.java.lexeur.Lexeur avec args=[java.io.StringReader@649bec2e]
	at org.junit.jupiter.api.AssertionUtils.fail(AssertionUtils.java:38)
	at org.junit.jupiter.api.Assertions.fail(Assertions.java:134)
	at tests.TestTools.newInstance(TestTools.java:209)
	at tests.TestTools.parseProgramme(TestTools.java:311)
	at tests.OptimzerCodeGenerator.DiagnosticCodegenTests.diag_lire_scanner_ou_runtime_ou_ast(DiagnosticCodegenTests.java:36)
	at java.base/java.lang.reflect.Method.invoke(Method.java:580)
	at java.base/java.util.ArrayList.forEach(ArrayList.java:1597)
	at java.base/java.util.ArrayList.forEach(ArrayList.java:1597)

tests.OptimzerCodeGenerator.DiagnosticCodegenTests.diag_affiche_multi_args_ast_vs_gen -- Time elapsed: 0 s <<< FAILURE!
org.opentest4j.AssertionFailedError: Aucun constructeur compatible pour main.java.lexeur.Lexeur avec args=[java.io.StringReader@34f5090e]
	at org.junit.jupiter.api.AssertionUtils.fail(AssertionUtils.java:38)
	at org.junit.jupiter.api.Assertions.fail(Assertions.java:134)
	at tests.TestTools.newInstance(TestTools.java:209)
	at tests.TestTools.parseProgramme(TestTools.java:311)
	at tests.OptimzerCodeGenerator.DiagnosticCodegenTests.diag_affiche_multi_args_ast_vs_gen(DiagnosticCodegenTests.java:79)
	at java.base/java.lang.reflect.Method.invoke(Method.java:580)
	at java.base/java.util.ArrayList.forEach(ArrayList.java:1597)
	at java.base/java.util.ArrayList.forEach(ArrayList.java:1597)

