-------------------------------------------------------------------------------
Test set: tests.OptimzerCodeGenerator.DiagnosticCodegenTests2
-------------------------------------------------------------------------------
Tests run: 2, Failures: 1, Errors: 0, Skipped: 0, Time elapsed: 0.034 s <<< FAILURE! -- in tests.OptimzerCodeGenerator.DiagnosticCodegenTests2
tests.OptimzerCodeGenerator.DiagnosticCodegenTests2.diag_lire_scanner_ou_runtime_ou_ast -- Time elapsed: 0.023 s <<< FAILURE!
org.opentest4j.AssertionFailedError: 
DIAG: Programme.genJava(sem) ne contient pas Scanner alors qu'il y a Lire dans l'AST. => suspect: Lire.genJava différent, ou classe Lire dupliquée/ancienne. 
===== DIAG LIRE =====
AST: nb Lire = 1, nb Affiche = 1
AST gen contains 'Scanner'? false
GEN gen contains 'Scanner'? true
AST gen head:
public class ProgrammePrincipal {

  public static void main(String[] args) {
    Object res = main();
    System.out.println(res);
  }

  // Méthodes
  public static int main() {
    int x;
    x=lire();
      System.out.print("x=");
    System.out.print(x);
    System.out.println();
      return x;
  }
  

}



GEN gen head:
import java.util.Scanner;

public class ProgrammePrincipal {

  public static void main(String[] args) {
    Object res = main();
    System.out.println(res);
  }

  // Méthodes
  public static int main() {
    int x;
    x=lire();
      System.out.print("x=");
    System.out.print(x);
    System.out.println();
      return x;
  }
  


  // ===== R
...[truncated]...
 ==> expected: <true> but was: <false>
	at org.junit.jupiter.api.AssertionFailureBuilder.build(AssertionFailureBuilder.java:151)
	at org.junit.jupiter.api.AssertionFailureBuilder.buildAndThrow(AssertionFailureBuilder.java:132)
	at org.junit.jupiter.api.AssertTrue.failNotTrue(AssertTrue.java:63)
	at org.junit.jupiter.api.AssertTrue.assertTrue(AssertTrue.java:36)
	at org.junit.jupiter.api.Assertions.assertTrue(Assertions.java:210)
	at tests.OptimzerCodeGenerator.DiagnosticCodegenTests2.diag_lire_scanner_ou_runtime_ou_ast(DiagnosticCodegenTests2.java:64)
	at java.base/java.lang.reflect.Method.invoke(Method.java:580)
	at java.base/java.util.ArrayList.forEach(ArrayList.java:1597)
	at java.base/java.util.ArrayList.forEach(ArrayList.java:1597)

