-------------------------------------------------------------------------------
Test set: tests.ParseurTest
-------------------------------------------------------------------------------
Tests run: 2, Failures: 1, Errors: 0, Skipped: 0, Time elapsed: 0.001 s <<< FAILURE! -- in tests.ParseurTest
tests.ParseurTest.parser_sanity -- Time elapsed: 0 s <<< FAILURE!
org.opentest4j.AssertionFailedError: Aucun constructeur compatible pour main.java.lexeur.Lexeur avec args=[java.io.StringReader@2df9b86]
	at org.junit.jupiter.api.AssertionUtils.fail(AssertionUtils.java:38)
	at org.junit.jupiter.api.Assertions.fail(Assertions.java:134)
	at tests.TestTools.newInstance(TestTools.java:209)
	at tests.TestTools.parseProgramme(TestTools.java:311)
	at tests.ParseurTest.parser_sanity(ParseurTest.java:18)
	at java.base/java.lang.reflect.Method.invoke(Method.java:580)
	at java.base/java.util.ArrayList.forEach(ArrayList.java:1597)
	at java.base/java.util.ArrayList.forEach(ArrayList.java:1597)

